2018-01-15 16.05.51 {00002707} : [MicroS] TimeoutAfter-30: 2, 2
2018-01-15 16.05.51 {00002707} : [MicroS] Started
2018-01-15 16.05.51 {00002707} : [MicroS] LocVer: 200917
2018-01-15 16.05.51 {00002707} : [MicroS] Update 0:  - I:1
2018-01-15 16.05.51 {00002707} : [MicroS] Started: /home/konovalov_sv/UCS_MM/BIN/ucs_mm 14#11 "some.cfg" 0019999900 <Handle: 0x1712f00>
2018-01-15 16.05.51 {00002708} : [MicroM] Started
2018-01-15 16.05.51 {00002708} : [MicroM] LocVer: 200917
2018-01-15 16.05.51 {00002708} : [MicroM] Loaded cfg
2018-01-15 16.05.51 {00002708} : [MicroM] Constructed
2018-01-15 16.05.51 {00002707} : [MicroS] B: HELLO
2018-01-15 16.05.51 {00002707} : [MicroS] WriteBlock: 30001999990000
2018-01-15 16.05.51 {00002708} : [MicroM::Proxy] Resv request msg
2018-01-15 16.05.51 {00002708} : [MicroM::Proxy] Sended recived msg
2018-01-15 16.05.51 {00002708} : [MicroM] Done
2018-01-15 16.05.51 {00002708} : [MicroM] Finished: 0
2018-01-15 16.05.51 {00002707} : [MicroS] ReadBlock: 31001999990000
2018-01-15 16.05.51 {00002707} : [MicroS] ReadBlock: #0??????????00
2018-01-15 16.05.51 {00002707} : [MicroS] Rem lock [I]: /home/konovalov_sv/UCS_MM/cid19999900.lck
2018-01-15 16.05.53 {00002707} : [MicroS] TimeoutAfter-21: 8, 8
2018-01-15 16.05.53 {00002707} : [MicroS] Started
2018-01-15 16.05.53 {00002707} : [MicroS] LocVer: 200917
2018-01-15 16.05.53 {00002707} : [MicroS] Update 0:  - I:1
2018-01-15 16.05.53 {00002707} : [MicroS] Started: /home/konovalov_sv/UCS_MM/BIN/ucs_mm 32#29 "some.cfg" 0019999900 <Handle: 0x17131e0>
2018-01-15 16.05.53 {0000270A} : [MicroM] Started
2018-01-15 16.05.53 {0000270A} : [MicroM] LocVer: 200917
2018-01-15 16.05.53 {0000270A} : [MicroM] Loaded cfg
2018-01-15 16.05.53 {0000270A} : [MicroM] Constructed
2018-01-15 16.05.53 {00002707} : [MicroS] B: HELLO
2018-01-15 16.05.53 {00002707} : [MicroS] WriteBlock: 21001999990000
2018-01-15 16.05.53 {0000270A} : [MicroM::Proxy] Resv request msg
2018-01-15 16.05.53 {0000270A} : [MicroM::Proxy] Sended recived msg
2018-01-15 16.05.53 {0000270A} : [MIXonline] in
2018-01-15 16.05.53 {0000270A} : [MIXonline] connected 5[2]172.16.10.232:8443|31000|(11995/-188)
2018-01-15 16.05.53 {0000270A} : [MIXonline] out
2018-01-15 16.05.53 {0000270A} : [MIXonline] in export
2018-01-15 16.05.53 {0000270A} : [MicroM::Proxy] IODo( oSId ) == eEFTPsioNone
2018-01-15 16.05.53 {0000270A} : [MicroM] Done
2018-01-15 16.05.53 {0000270A} : [MicroM] Finished: 0
2018-01-15 16.05.53 {00002707} : [MicroS] ReadBlock: 5X001999990024M4NETWORK ERROR[2]172.16.10.232:8443
2018-01-15 16.05.53 {00002707} : [MicroS] ReadBlock: #2??????????00
2018-01-15 16.05.53 {00002707} : [MicroS] Rem lock [I]: /home/konovalov_sv/UCS_MM/cid19999900.lck
2020-11-18 09.46.07 {00004033} : [eftp_create] ok
2020-11-18 09.46.07 {00004033} : [eftp_do] in: 0xb19cf0 0x7ffc3639abb0 0x7ffc3639a3b0 (nil) (nil)
2020-11-18 09.46.07 {00004033} : [eftp_do] ReqHdr: 3330303037373334363034383030
2020-11-18 09.46.07 {00004033} : [eftp_do] block break func
2020-11-18 09.46.07 {00004033} : [MicroS] TimeoutAfter-30: 2, 2
2020-11-18 09.46.07 {00004033} : [MicroS] Open UP: 1
2020-11-18 09.46.07 {00004033} : [MicroS] Started
2020-11-18 09.46.07 {00004033} : [MicroS] LocVer: 200917
2020-11-18 09.46.07 {00004033} : [MicroS] Cmd: [MonoS] 9#5 "some.cfg" 0077346048
2020-11-18 09.46.07 {00004033} : [MicroS] Put lock: /home/vagrant/Trade/UCS_MM/mainlock.lck
2020-11-18 09.46.07 {00004033} : [MicroS] Put lock: /home/vagrant/Trade/UCS_MM/updtlock.lck
2020-11-18 09.46.07 {00004033} : [MicroS] Rem lock: /home/vagrant/Trade/UCS_MM/mainlock.lck
2020-11-18 09.46.07 {00004033} : [MicroS] Update in
2020-11-18 09.46.07 {00004033} : [MicroS] Update inits: HHHHHHHH.000; 00000000.000
2020-11-18 09.46.07 {00004033} : [MicroS] Update updts: /home/vagrant/Trade/UCS_MM/DOWNLOAD/
2020-11-18 09.46.07 {00004033} : [MicroS] Update list maked
2020-11-18 09.46.07 {00004033} : [MicroS] Update 0:  - I:1
2020-11-18 09.46.07 {00004033} : [MicroS] Put lock: /home/vagrant/Trade/UCS_MM/cid77346048.lck
2020-11-18 09.46.07 {00004033} : [MicroS] Rem lock: /home/vagrant/Trade/UCS_MM/updtlock.lck
2020-11-18 09.46.07 {00004033} : [MicroS] Started: /home/vagrant/Trade/UCS_MM/BIN/ucs_mm 9#5 "some.cfg" 0077346048 <Handle: 0xb1c140>
2020-11-18 09.46.07 {00004034} : [MicroM] in
2020-11-18 09.46.07 {00004034} : [MicroM] Started
2020-11-18 09.46.07 {00004034} : [MicroM] LocVer: 200917
2020-11-18 09.46.07 {00004034} : [MicroM] Argv1: 9#5, Argv2: some.cfg, Argv3: 0077346048
2020-11-18 09.46.07 {00004034} : [MicroM] Load: /home/vagrant/Trade/UCS_MM/micromgl.cfg <Err: 0>
2020-11-18 09.46.07 {00004034} : [MicroM] Loaded cfg
2020-11-18 09.46.07 {00004034} : [MicroM] Load: /home/vagrant/Trade/UCS_MM/77346048.cfg <Err: -3>
2020-11-18 09.46.07 {00004034} : [MMprofk::LoadCfg] ret: 0, use: N.
2020-11-18 09.46.07 {00004034} : [MicroM] Constructed
2020-11-18 09.46.07 {00004034} : [MicroM] in do only 
2020-11-18 09.46.07 {00004034} : [MicroM] in do ready 
2020-11-18 09.46.07 {00004034} : [MMstoreH] opening..
2020-11-18 09.46.07 {00004034} : [MMstoreH] open idx:/home/vagrant/Trade/UCS_MM/77346048/77346048.idx
2020-11-18 09.46.07 {00004034} : [MMstoreH] remove /home/vagrant/Trade/UCS_MM/77346048/77346048.dta
2020-11-18 09.46.07 {00004034} : [MMstoreH] gnr:/home/vagrant/Trade/UCS_MM/77346048/77346048.gnr is 0, usLC: 0
2020-11-18 09.46.07 {00004034} : [MMstoreH] do reset
2020-11-18 09.46.07 {00004034} : [MMstoreH] opening..
2020-11-18 09.46.07 {00004034} : [MMstoreH] open idx:/home/vagrant/Trade/UCS_MM/77346048/77346048.idx
2020-11-18 09.46.07 {00004034} : [MMstoreH] remove /home/vagrant/Trade/UCS_MM/77346048/77346048.dta
2020-11-18 09.46.07 {00004034} : [MMstoreH] gnr:/home/vagrant/Trade/UCS_MM/77346048/77346048.gnr is 1, usLC: 1
2020-11-18 09.46.07 {00004034} : [MMstoreH] do break
2020-11-18 09.46.07 {00004034} : [MicroM] import gnr: /home/vagrant/Trade/UCS_MM/ - 77346048
2020-11-18 09.46.07 {00004034} : [MMstoreH] ImportGng: /home/vagrant/Trade/UCS_MM/77346048/77346048.gnr 1
2020-11-18 09.46.07 {00004034} : [MicroM] imported gnr 
2020-11-18 09.46.07 {00004034} : [MicroM] as DLL with ID: 77346048
2020-11-18 09.46.07 {00004034} : [MicroM] in MicroM_Do_EftP
2020-11-18 09.46.07 {00004034} : [MicroM] in DoMonoE
2020-11-18 09.46.07 {00004033} : [MicroS] B: HELLO
2020-11-18 09.46.07 {00004033} : [MicroS] UP is: 1
2020-11-18 09.46.07 {00004033} : [MicroS] WriteBlock: 30007734604800
2020-11-18 09.46.07 {00004034} : [MicroM::Proxy] StatusId [1]: 0
2020-11-18 09.46.07 {00004034} : [MicroM::Proxy] Resv request msg
2020-11-18 09.46.07 {00004034} : [MicroM::Proxy] StatusId [2]: 1
2020-11-18 09.46.07 {00004034} : [MicroM] MicroM_Do_EftPP: tMMpPDirect: 5, tEFTPStsId: 1, GWId: 0
2020-11-18 09.46.07 {00004034} : [MicroM_Do_DJamp] 5, 1, 0
2020-11-18 09.46.07 {00004034} : [MicroM] MicroM_Do_EftPP: tMMpPErr: 1, tEFTPStsId: 1
2020-11-18 09.46.07 {00004034} : [MicroM] try EFTPAddP: EF.LET
2020-11-18 09.46.07 {00004034} : [MicroM::Proxy] Sended recived msg
2020-11-18 09.46.07 {00004034} : [MicroM::Proxy] StatusId [3]: 1
2020-11-18 09.46.07 {00004034} : [MicroM::Proxy] StatusId [1]: 1
2020-11-18 09.46.07 {00004034} : [MicroM::Proxy] StatusId [2]: 1
2020-11-18 09.46.07 {00004034} : [MicroM] MicroM_Do_EftPP: tMMpPDirect: 6, tEFTPStsId: 1, GWId: 0
2020-11-18 09.46.07 {00004034} : [MicroM_Do_DJamp] 6, 1, 0
2020-11-18 09.46.07 {00004034} : [MicroM] MicroM_Do_EftPP: tMMpPErr: 1, tEFTPStsId: 1
2020-11-18 09.46.07 {00004034} : [PadsWorkRecv] Try 0,1,0,2,10000,0,1721382320
2020-11-18 09.46.07 {00004034} : [PadsWorkRecv] Flow detected.
2020-11-18 09.46.07 {00004034} : [PadsWorkRecv] Not use Ack
2020-11-18 09.46.07 {00004034} : [PadsWorkRecv] TRes 1, 13105, 1
2020-11-18 09.46.07 {00004034} : [MicroM] try EFTPAddP: EF.LET
2020-11-18 09.46.07 {00004034} : [MicroM::Proxy] StatusId [3]: 12
2020-11-18 09.46.07 {00004033} : [MicroS] ReadBlock: 31007734604800
2020-11-18 09.46.07 {00004034} : [MicroM] Done
2020-11-18 09.46.07 {00004033} : [eftp_do] out: 0
2020-11-18 09.46.07 {00004034} : [MicroM] Destructed devN:1 with status:1
2020-11-18 09.46.07 {00004034} : [MicroM] Destructed devN:2 with status:1
2020-11-18 09.46.07 {00004034} : [MicroM] Destructed devN:3 with status:1
2020-11-18 09.46.07 {00004033} : [eftp_do] in: 0xb19cf0 (nil) 0x7ffc3639a3b0 (nil) (nil)
2020-11-18 09.46.07 {00004034} : [MicroM] Destructed devN:4 with status:1
2020-11-18 09.46.07 {00004033} : [eftp_do] block break func
2020-11-18 09.46.07 {00004034} : [MicroM] Destructed devN:5 with status:1
2020-11-18 09.46.07 {00004033} : [MicroS] UP is: 1
2020-11-18 09.46.07 {00004034} : [MicroM] Destructed allDev
2020-11-18 09.46.07 {00004033} : [MicroS] ReadBlock: #0??????????00
2020-11-18 09.46.07 {00004034} : [MicroM] Finished: 0
2020-11-18 09.46.07 {00004034} : [MicroM] Destructed allDev
2020-11-18 09.46.07 {00004034} : [MicroM] out
2020-11-18 09.46.07 {00004033} : [MicroS] Rem lock [I]: /home/vagrant/Trade/UCS_MM/cid77346048.lck
2020-11-18 09.46.07 {00004033} : [MicroS] Close UP
2020-11-18 09.46.07 {00004033} : [eftp_do] out: 9
2020-11-18 09.46.09 {00004033} : [eftp_do] in: 0xb19cf0 0x7ffc3639abb0 0x7ffc3639a3b0 (nil) (nil)
2020-11-18 09.46.09 {00004033} : [eftp_do] ReqHdr: 3130303037373334363034383043
2020-11-18 09.46.09 {00004033} : [eftp_do] block break func
2020-11-18 09.46.09 {00004033} : [MicroS] TimeoutAfter-10: 8, 8
2020-11-18 09.46.09 {00004033} : [MicroS] Open UP: 1
2020-11-18 09.46.09 {00004033} : [MicroS] Started
2020-11-18 09.46.09 {00004033} : [MicroS] LocVer: 200917
2020-11-18 09.46.09 {00004033} : [MicroS] Cmd: [MonoS] 9#5 "some.cfg" 0077346048
2020-11-18 09.46.09 {00004033} : [MicroS] Put lock: /home/vagrant/Trade/UCS_MM/mainlock.lck
2020-11-18 09.46.09 {00004033} : [MicroS] Put lock: /home/vagrant/Trade/UCS_MM/updtlock.lck
2020-11-18 09.46.09 {00004033} : [MicroS] Rem lock: /home/vagrant/Trade/UCS_MM/mainlock.lck
2020-11-18 09.46.09 {00004033} : [MicroS] Update in
2020-11-18 09.46.09 {00004033} : [MicroS] Update inits: HHHHHHHH.000; 00000000.000
2020-11-18 09.46.09 {00004033} : [MicroS] Update updts: /home/vagrant/Trade/UCS_MM/DOWNLOAD/
2020-11-18 09.46.09 {00004033} : [MicroS] Update list maked
2020-11-18 09.46.09 {00004033} : [MicroS] Update 0:  - I:1
2020-11-18 09.46.09 {00004033} : [MicroS] Put lock: /home/vagrant/Trade/UCS_MM/cid77346048.lck
2020-11-18 09.46.09 {00004033} : [MicroS] Rem lock: /home/vagrant/Trade/UCS_MM/updtlock.lck
2020-11-18 09.46.09 {00004033} : [MicroS] Started: /home/vagrant/Trade/UCS_MM/BIN/ucs_mm 9#5 "some.cfg" 0077346048 <Handle: 0xb1bf50>
2020-11-18 09.46.09 {00004036} : [MicroM] in
2020-11-18 09.46.09 {00004036} : [MicroM] Started
2020-11-18 09.46.09 {00004036} : [MicroM] LocVer: 200917
2020-11-18 09.46.09 {00004036} : [MicroM] Argv1: 9#5, Argv2: some.cfg, Argv3: 0077346048
2020-11-18 09.46.09 {00004036} : [MicroM] Load: /home/vagrant/Trade/UCS_MM/micromgl.cfg <Err: 0>
2020-11-18 09.46.09 {00004036} : [MicroM] Loaded cfg
2020-11-18 09.46.09 {00004036} : [MicroM] Load: /home/vagrant/Trade/UCS_MM/77346048.cfg <Err: -3>
2020-11-18 09.46.09 {00004036} : [MMprofk::LoadCfg] ret: 0, use: N.
2020-11-18 09.46.09 {00004036} : [MicroM] Constructed
2020-11-18 09.46.09 {00004036} : [MicroM] in do only 
2020-11-18 09.46.09 {00004036} : [MicroM] in do ready 
2020-11-18 09.46.09 {00004036} : [MMstoreH] opening..
2020-11-18 09.46.09 {00004036} : [MMstoreH] open idx:/home/vagrant/Trade/UCS_MM/77346048/77346048.idx
2020-11-18 09.46.09 {00004036} : [MMstoreH] remove /home/vagrant/Trade/UCS_MM/77346048/77346048.dta
2020-11-18 09.46.09 {00004036} : [MMstoreH] gnr:/home/vagrant/Trade/UCS_MM/77346048/77346048.gnr is 1, usLC: 1
2020-11-18 09.46.09 {00004036} : [MMstoreH] do break
2020-11-18 09.46.09 {00004036} : [MicroM] import gnr: /home/vagrant/Trade/UCS_MM/ - 77346048
2020-11-18 09.46.09 {00004036} : [MMstoreH] ImportGng: /home/vagrant/Trade/UCS_MM/77346048/77346048.gnr 1
2020-11-18 09.46.09 {00004036} : [MicroM] imported gnr 
2020-11-18 09.46.09 {00004036} : [MicroM] as DLL with ID: 77346048
2020-11-18 09.46.09 {00004036} : [MicroM] in MicroM_Do_EftP
2020-11-18 09.46.09 {00004036} : [MicroM] in DoMonoE
2020-11-18 09.46.09 {00004033} : [MicroS] B: HELLO
2020-11-18 09.46.09 {00004033} : [MicroS] UP is: 1
2020-11-18 09.46.09 {00004033} : [MicroS] WriteBlock: 1000773460480C000000001201
2020-11-18 09.46.10 {00004036} : [MicroM::Proxy] StatusId [1]: 0
2020-11-18 09.46.10 {00004036} : [MicroM::Proxy] Resv request msg
2020-11-18 09.46.10 {00004036} : [MicroM] EFTPParsP [TR.AMT] - present [dL:12] '000000001201'
2020-11-18 09.46.10 {00004036} : [MicroM::Proxy] StatusId [2]: 3
2020-11-18 09.46.10 {00004036} : [MicroM] MicroM_Do_EftPP: tMMpPDirect: 5, tEFTPStsId: 3, GWId: 3130
2020-11-18 09.46.10 {00004036} : [MicroM_Do_DJamp] 5, 3, 3130
2020-11-18 09.46.10 {00004036} : [MicroM] MicroM_Do_EftPP: tMMpPErr: 1, tEFTPStsId: 3
2020-11-18 09.46.10 {00004036} : [MicroM::Proxy] Sended recived msg
2020-11-18 09.46.10 {00004036} : [MicroM::Proxy] oWIdCmd set to: 3130
2020-11-18 09.46.10 {00004036} : [MicroM::Proxy] StatusId [3]: 3
2020-11-18 09.46.10 {00004036} : [MicroM::Proxy] StatusId [1]: 3
2020-11-18 09.46.10 {00004036} : [MicroM::Proxy] StatusId [2]: 3
2020-11-18 09.46.10 {00004036} : [MicroM] MicroM_Do_EftPP: tMMpPDirect: 6, tEFTPStsId: 3, GWId: 3130
2020-11-18 09.46.10 {00004036} : [MicroM_Do_DJamp] 6, 3, 3130
2020-11-18 09.46.10 {00004036} : [MicroM] MicroM_Do_EftPP: tMMpPErr: 1, tEFTPStsId: 3
2020-11-18 09.46.10 {00004036} : [PadsWorkRecv] Try 0,1,0,2,10000,0,1721382558
2020-11-18 09.46.10 {00004036} : [PadsWorkRecv] Flow detected.
2020-11-18 09.46.10 {00004036} : [PadsWorkRecv] Not use Ack
2020-11-18 09.46.10 {00004036} : [PadsWorkRecv] TRes 1, 13616, 1
2020-11-18 09.46.10 {00004036} : [MicroM::Proxy] StatusId [3]: 4
2020-11-18 09.46.10 {00004033} : [MicroS] ReadBlock: 5-0
2020-11-18 09.46.10 {00004036} : [MicroM::Proxy] StatusId [1]: 4
2020-11-18 09.46.10 {00004033} : [eftp_do] out: 0
2020-11-18 09.46.10 {00004036} : [MicroM::Proxy] StatusId [2]: 4
2020-11-18 09.46.10 {00004036} : [MicroM] MicroM_Do_EftPP: tMMpPDirect: 6, tEFTPStsId: 4, GWId: 3130
2020-11-18 09.46.10 {00004033} : [eftp_do] in: 0xb19cf0 (nil) 0x7ffc3639a3b0 0x40fd16 0x7ffc3639a250
2020-11-18 09.46.10 {00004036} : [MicroM_Do_DJamp] 6, 4, 3130
2020-11-18 09.46.10 {00004033} : [eftp_do] block break func
2020-11-18 09.46.10 {00004036} : [MicroM] MicroM_Do_EftPP: tMMpPErr: 1, tEFTPStsId: 4
2020-11-18 09.46.10 {00004033} : [MicroS] UP is: 1
2020-11-18 09.46.10 {00004036} : [PadsWorkRecv] Try 0,1,0,3,30000,0,1721382569
2020-11-18 09.46.10 {00004036} : [PadsWorkRecv] Flow detected.
2020-11-18 09.46.10 {00004036} : [PadsWorkRecv] Not use Ack
2020-11-18 09.46.10 {00004036} : [MicroM] EFTPParsP [EF.MCN] - present [dL:14]
2020-11-18 09.46.10 {00004036} : [PadsWorkRecv] TRes 1, 13645, 1
2020-11-18 09.46.10 {00004036} : [MicroM] try EFTPAddP: EF.MCN
2020-11-18 09.46.10 {00004036} : [MicroM::Proxy] StatusId [3]: 4
2020-11-18 09.46.10 {00004033} : [MicroS] ReadBlock: 5M00773460480E¬¬≈ƒ»“≈   ¿–“”
2020-11-18 09.46.10 {00004036} : [MicroM::Proxy] StatusId [1]: 4
2020-11-18 09.46.10 {00004033} : [eftp_do] out: 0
2020-11-18 09.46.10 {00004036} : [MicroM::Proxy] StatusId [2]: 4
2020-11-18 09.46.10 {00004036} : [MicroM] MicroM_Do_EftPP: tMMpPDirect: 6, tEFTPStsId: 4, GWId: 3130
2020-11-18 09.46.10 {00004033} : [eftp_do] in: 0xb19cf0 (nil) 0x7ffc3639a3b0 0x40fd16 0x7ffc3639a250
2020-11-18 09.46.10 {00004036} : [MicroM_Do_DJamp] 6, 4, 3130
2020-11-18 09.46.10 {00004033} : [eftp_do] block break func
2020-11-18 09.46.10 {00004036} : [MicroM] MicroM_Do_EftPP: tMMpPErr: 1, tEFTPStsId: 4
2020-11-18 09.46.10 {00004033} : [MicroS] UP is: 1
2020-11-18 09.46.10 {00004036} : [PadsWorkRecv] Try 0,1,0,3,30000,0,1721382590
2020-11-18 09.46.35 {00004036} : [PadsWorkRecv] Flow detected.
2020-11-18 09.46.35 {00004036} : [PadsWorkRecv] Not use Ack
2020-11-18 09.46.35 {00004036} : [PadsWorkRecv] TRes 1, 13621, 1
2020-11-18 09.46.35 {00004036} : [PadsWorkRecv] Try 0,1,0,3,30000,0,1721385095
2020-11-18 09.46.35 {00004033} : [MicroS] ReadBlock: 5-5
2020-11-18 09.46.35 {00004033} : [eftp_do] out: 0
2020-11-18 09.46.35 {00004033} : [eftp_do] in: 0xb19cf0 (nil) 0x7ffc3639a3b0 0x40fd16 0x7ffc3639a250
2020-11-18 09.46.35 {00004033} : [eftp_do] block break func
2020-11-18 09.46.35 {00004033} : [MicroS] UP is: 1
2020-11-18 09.46.43 {00004036} : [PadsWorkRecv] Flow detected.
2020-11-18 09.46.43 {00004036} : [PadsWorkRecv] Not use Ack
2020-11-18 09.46.43 {00004036} : [MicroM] EFTPParsP [EF.ECD] - present [dL:2] 'E3'
2020-11-18 09.46.43 {00004036} : [MicroM] EFTPParsP [EF.MSG] - present [dL:28]
2020-11-18 09.46.43 {00004036} : [PadsWorkRecv] TRes 1, 13656, 1
2020-11-18 09.46.43 {00004036} : [MicroM] try EFTPAddP: EF.ECD
2020-11-18 09.46.43 {00004036} : [MicroM] try EFTPAddP: EF.MSG
2020-11-18 09.46.43 {00004036} : [MicroM::Proxy] StatusId [3]: 11
2020-11-18 09.46.43 {00004033} : [MicroS] ReadBlock: 5X00773460481EE3œÂ‚˚¯ÂÌ Ú‡ÈÏ‡ÛÚ ‚‚Ó‰‡ Í‡Ú˚
2020-11-18 09.46.43 {00004036} : [MicroM::Proxy] IODo( oSId ) == eEFTPsioNone
2020-11-18 09.46.43 {00004033} : [eftp_do] out: 0
2020-11-18 09.46.43 {00004036} : [MicroM] Done
2020-11-18 09.46.43 {00004036} : [MicroM] Destructed devN:1 with status:1
2020-11-18 09.46.43 {00004033} : [eftp_do] in: 0xb19cf0 (nil) 0x7ffc3639a3b0 0x40fd16 0x7ffc3639a250
2020-11-18 09.46.43 {00004036} : [MicroM] Destructed devN:2 with status:1
2020-11-18 09.46.43 {00004033} : [eftp_do] block break func
2020-11-18 09.46.43 {00004036} : [MicroM] Destructed devN:3 with status:1
2020-11-18 09.46.43 {00004033} : [MicroS] UP is: 1
2020-11-18 09.46.43 {00004036} : [MicroM] Destructed devN:4 with status:1
2020-11-18 09.46.43 {00004033} : [MicroS] ReadBlock: #2??????????00
2020-11-18 09.46.43 {00004036} : [MicroM] Destructed devN:5 with status:1
2020-11-18 09.46.43 {00004036} : [MicroM] Destructed allDev
2020-11-18 09.46.43 {00004036} : [MicroM] Finished: 0
2020-11-18 09.46.43 {00004036} : [MicroM] Destructed allDev
2020-11-18 09.46.43 {00004036} : [MicroM] out
2020-11-18 09.46.43 {00004033} : [MicroS] Rem lock [I]: /home/vagrant/Trade/UCS_MM/cid77346048.lck
2020-11-18 09.46.43 {00004033} : [MicroS] Close UP
2020-11-18 09.46.43 {00004033} : [eftp_do] out: 10
2020-11-18 09.46.51 {00004033} : [eftp_destroy] ok
2020-11-18 12.24.37 {00004827} : [MicroM] Started
2020-11-18 12.24.37 {00004827} : [MicroM] LocVer: 200917
2020-11-18 12.24.37 {00004827} : [MicroM] Finished: 0
2020-11-18 12.24.45 {00004829} : [MicroM] Started
2020-11-18 12.24.45 {00004829} : [MicroM] LocVer: 200917
2020-11-18 12.24.45 {00004829} : [MicroM] Finished: 0
2020-11-18 12.24.50 {0000482A} : [MicroM] Started
2020-11-18 12.24.50 {0000482A} : [MicroM] LocVer: 200917
2020-11-18 12.24.50 {0000482A} : [MicroM] Finished: 0
2020-11-18 12.24.55 {0000482B} : [MicroM] Started
2020-11-18 12.24.55 {0000482B} : [MicroM] LocVer: 200917
2020-11-18 12.24.55 {0000482B} : [MicroM] Finished: 0
2020-11-18 12.25.00 {0000482C} : [MicroM] Started
2020-11-18 12.25.00 {0000482C} : [MicroM] LocVer: 200917
2020-11-18 12.25.00 {0000482C} : [MicroM] Finished: 0
2020-11-18 12.25.04 {00004830} : [MicroM] Started
2020-11-18 12.25.04 {00004830} : [MicroM] LocVer: 200917
2020-11-18 12.25.04 {00004830} : [MicroM] Loaded cfg
2020-11-18 12.25.04 {00004830} : [MicroM] Wrong constructed devN: 1!
2020-11-18 12.25.04 {00004830} : [MicroM] Finished: 0
2020-11-18 12.34.42 {00004869} : [MicroM] Started
2020-11-18 12.34.42 {00004869} : [MicroM] LocVer: 200917
2020-11-18 12.34.42 {00004869} : [MicroM] Finished: 0
2020-11-18 12.50.33 {000049CA} : [MicroM] Started
2020-11-18 12.50.33 {000049CA} : [MicroM] LocVer: 200917
2020-11-18 12.50.33 {000049CA} : [MicroM] Finished: 0
2020-11-18 12.55.04 {000049E8} : [MicroM] Started
2020-11-18 12.55.04 {000049E8} : [MicroM] LocVer: 200917
2020-11-18 12.55.04 {000049E8} : [MicroM] Finished: 0
2020-11-18 12.55.38 {000049F0} : [MicroM] Started
2020-11-18 12.55.38 {000049F0} : [MicroM] LocVer: 200917
2020-11-18 12.55.38 {000049F0} : [MicroM] Finished: 0
2020-11-18 12.55.43 {000049F2} : [MicroM] Started
2020-11-18 12.55.43 {000049F2} : [MicroM] LocVer: 200917
2020-11-18 12.55.43 {000049F2} : [MicroM] Finished: 0
2020-11-18 12.55.48 {000049F3} : [MicroM] Started
2020-11-18 12.55.48 {000049F3} : [MicroM] LocVer: 200917
2020-11-18 12.55.48 {000049F3} : [MicroM] Finished: 0
